[1.054s] DEBUG:colcon:Command line arguments: ['/usr/bin/colcon', 'list', '-p', '--base-paths', '/home/linux-dev/Desktop/tmp_test/example']
[1.054s] DEBUG:colcon:Parsed command line arguments: Namespace(allow_overriding=[], base_paths=['/home/linux-dev/Desktop/tmp_test/example'], build_base='build', ignore_user_meta=False, log_base=None, log_level=None, main=<bound method ListVerb.main of <colcon_package_information.verb.list.ListVerb object at 0x7f4aee644e50>>, metas=['./colcon.meta'], names_only=False, packages_above=None, packages_above_and_dependencies=None, packages_above_depth=None, packages_end=None, packages_ignore=None, packages_ignore_regex=None, packages_select=None, packages_select_build_failed=False, packages_select_by_dep=None, packages_select_regex=None, packages_select_test_failures=False, packages_skip=None, packages_skip_build_finished=False, packages_skip_by_dep=None, packages_skip_regex=None, packages_skip_test_passed=False, packages_skip_up_to=None, packages_start=None, packages_up_to=None, packages_up_to_regex=None, paths=None, paths_only=True, topological_graph=False, topological_graph_density=False, topological_graph_dot=False, topological_graph_dot_cluster=False, topological_graph_dot_include_skipped=False, topological_graph_legend=False, topological_order=False, verb_extension=<colcon_package_information.verb.list.ListVerb object at 0x7f4aee644e50>, verb_name='list', verb_parser=<colcon_defaults.argument_parser.defaults.DefaultArgumentsDecorator object at 0x7f4aee5dd340>)
[1.145s] Level 1:colcon.colcon_core.package_discovery:discover_packages(colcon_meta) check parameters
[1.145s] Level 1:colcon.colcon_core.package_discovery:discover_packages(recursive) check parameters
[1.145s] Level 1:colcon.colcon_core.package_discovery:discover_packages(ignore) check parameters
[1.145s] Level 1:colcon.colcon_core.package_discovery:discover_packages(path) check parameters
[1.145s] Level 1:colcon.colcon_core.package_discovery:discover_packages(recursive) discover
[1.145s] INFO:colcon.colcon_core.package_discovery:Crawling recursively for packages in '/home/linux-dev/Desktop/tmp_test/example'
[1.146s] Level 1:colcon.colcon_core.package_identification:_identify(/home/linux-dev/Desktop/tmp_test/example) by extensions ['ignore', 'ignore_ament_install']
[1.146s] Level 1:colcon.colcon_core.package_identification:_identify(/home/linux-dev/Desktop/tmp_test/example) by extension 'ignore'
[1.146s] Level 1:colcon.colcon_core.package_identification:_identify(/home/linux-dev/Desktop/tmp_test/example) by extension 'ignore_ament_install'
[1.146s] Level 1:colcon.colcon_core.package_identification:_identify(/home/linux-dev/Desktop/tmp_test/example) by extensions ['colcon_pkg']
[1.146s] Level 1:colcon.colcon_core.package_identification:_identify(/home/linux-dev/Desktop/tmp_test/example) by extension 'colcon_pkg'
[1.146s] Level 1:colcon.colcon_core.package_identification:_identify(/home/linux-dev/Desktop/tmp_test/example) by extensions ['colcon_meta']
[1.146s] Level 1:colcon.colcon_core.package_identification:_identify(/home/linux-dev/Desktop/tmp_test/example) by extension 'colcon_meta'
[1.146s] Level 1:colcon.colcon_core.package_identification:_identify(/home/linux-dev/Desktop/tmp_test/example) by extensions ['ros']
[1.146s] Level 1:colcon.colcon_core.package_identification:_identify(/home/linux-dev/Desktop/tmp_test/example) by extension 'ros'
[1.177s] Level 1:colcon.colcon_core.package_identification:_identify(/home/linux-dev/Desktop/tmp_test/example) by extensions ['cmake', 'python']
[1.177s] Level 1:colcon.colcon_core.package_identification:_identify(/home/linux-dev/Desktop/tmp_test/example) by extension 'cmake'
[1.178s] Level 1:colcon.colcon_core.package_identification:_identify(/home/linux-dev/Desktop/tmp_test/example) by extension 'python'
[1.178s] Level 1:colcon.colcon_core.package_identification:_identify(/home/linux-dev/Desktop/tmp_test/example) by extensions ['python_setup_py']
[1.178s] Level 1:colcon.colcon_core.package_identification:_identify(/home/linux-dev/Desktop/tmp_test/example) by extension 'python_setup_py'
[1.178s] Level 1:colcon.colcon_core.package_identification:_identify(/home/linux-dev/Desktop/tmp_test/example/log) by extensions ['ignore', 'ignore_ament_install']
[1.178s] Level 1:colcon.colcon_core.package_identification:_identify(/home/linux-dev/Desktop/tmp_test/example/log) by extension 'ignore'
[1.178s] Level 1:colcon.colcon_core.package_identification:_identify(/home/linux-dev/Desktop/tmp_test/example/log) ignored
[1.179s] Level 1:colcon.colcon_core.package_identification:_identify(/home/linux-dev/Desktop/tmp_test/example/src) by extensions ['ignore', 'ignore_ament_install']
[1.179s] Level 1:colcon.colcon_core.package_identification:_identify(/home/linux-dev/Desktop/tmp_test/example/src) by extension 'ignore'
[1.179s] Level 1:colcon.colcon_core.package_identification:_identify(/home/linux-dev/Desktop/tmp_test/example/src) by extension 'ignore_ament_install'
[1.179s] Level 1:colcon.colcon_core.package_identification:_identify(/home/linux-dev/Desktop/tmp_test/example/src) by extensions ['colcon_pkg']
[1.179s] Level 1:colcon.colcon_core.package_identification:_identify(/home/linux-dev/Desktop/tmp_test/example/src) by extension 'colcon_pkg'
[1.180s] Level 1:colcon.colcon_core.package_identification:_identify(/home/linux-dev/Desktop/tmp_test/example/src) by extensions ['colcon_meta']
[1.180s] Level 1:colcon.colcon_core.package_identification:_identify(/home/linux-dev/Desktop/tmp_test/example/src) by extension 'colcon_meta'
[1.189s] Level 1:colcon.colcon_core.package_identification:_identify(/home/linux-dev/Desktop/tmp_test/example/src) by extensions ['ros']
[1.189s] Level 1:colcon.colcon_core.package_identification:_identify(/home/linux-dev/Desktop/tmp_test/example/src) by extension 'ros'
[1.190s] Level 1:colcon.colcon_core.package_identification:_identify(/home/linux-dev/Desktop/tmp_test/example/src) by extensions ['cmake', 'python']
[1.190s] Level 1:colcon.colcon_core.package_identification:_identify(/home/linux-dev/Desktop/tmp_test/example/src) by extension 'cmake'
[1.190s] Level 1:colcon.colcon_core.package_identification:_identify(/home/linux-dev/Desktop/tmp_test/example/src) by extension 'python'
[1.190s] Level 1:colcon.colcon_core.package_identification:_identify(/home/linux-dev/Desktop/tmp_test/example/src) by extensions ['python_setup_py']
[1.193s] Level 1:colcon.colcon_core.package_identification:_identify(/home/linux-dev/Desktop/tmp_test/example/src) by extension 'python_setup_py'
[1.194s] Level 1:colcon.colcon_core.package_identification:_identify(/home/linux-dev/Desktop/tmp_test/example/src/example) by extensions ['ignore', 'ignore_ament_install']
[1.194s] Level 1:colcon.colcon_core.package_identification:_identify(/home/linux-dev/Desktop/tmp_test/example/src/example) by extension 'ignore'
[1.194s] Level 1:colcon.colcon_core.package_identification:_identify(/home/linux-dev/Desktop/tmp_test/example/src/example) by extension 'ignore_ament_install'
[1.194s] Level 1:colcon.colcon_core.package_identification:_identify(/home/linux-dev/Desktop/tmp_test/example/src/example) by extensions ['colcon_pkg']
[1.194s] Level 1:colcon.colcon_core.package_identification:_identify(/home/linux-dev/Desktop/tmp_test/example/src/example) by extension 'colcon_pkg'
[1.194s] Level 1:colcon.colcon_core.package_identification:_identify(/home/linux-dev/Desktop/tmp_test/example/src/example) by extensions ['colcon_meta']
[1.194s] Level 1:colcon.colcon_core.package_identification:_identify(/home/linux-dev/Desktop/tmp_test/example/src/example) by extension 'colcon_meta'
[1.194s] Level 1:colcon.colcon_core.package_identification:_identify(/home/linux-dev/Desktop/tmp_test/example/src/example) by extensions ['ros']
[1.194s] Level 1:colcon.colcon_core.package_identification:_identify(/home/linux-dev/Desktop/tmp_test/example/src/example) by extension 'ros'
[1.203s] DEBUG:colcon.colcon_core.package_identification:Package '/home/linux-dev/Desktop/tmp_test/example/src/example' with type 'ros.ament_cmake' and name 'example'
[1.203s] Level 1:colcon.colcon_core.package_discovery:discover_packages(recursive) using defaults
